<?xml version="1.0" encoding="UTF-8"?>
<!-- Generated by org.testng.reporters.JUnitReportReporter -->
<testsuite hostname="Ananth-Vicky" failures="0" tests="2" name="Amazon.Amazon_Auto.Login" time="8.218" errors="0" timestamp="2022-04-06T23:52:28 IST" skipped="0">
  <testcase classname="Amazon.Amazon_Auto.Login" name="Go_home" time="4.395"/>
  <system-out/>
  <testcase classname="Amazon.Amazon_Auto.Login" name="login_Check" time="3.823"/>
  <system-out/>
</testsuite> <!-- Amazon.Amazon_Auto.Login -->
